Determining if the pthread_create exist failed with the following output:
Change Dir: /home/robot5/turtlebot_bumpers/build/CMakeFiles/CMakeTmp

Run Build Command:/usr/bin/make "cmTryCompileExec340364753/fast"
/usr/bin/make -f CMakeFiles/cmTryCompileExec340364753.dir/build.make CMakeFiles/cmTryCompileExec340364753.dir/build
make[1]: Entering directory `/home/robot5/turtlebot_bumpers/build/CMakeFiles/CMakeTmp'
/usr/bin/cmake -E cmake_progress_report /home/robot5/turtlebot_bumpers/build/CMakeFiles/CMakeTmp/CMakeFiles 1
Building C object CMakeFiles/cmTryCompileExec340364753.dir/CheckSymbolExists.c.o
/usr/bin/cc    -o CMakeFiles/cmTryCompileExec340364753.dir/CheckSymbolExists.c.o   -c /home/robot5/turtlebot_bumpers/build/CMakeFiles/CMakeTmp/CheckSymbolExists.c
Linking C executable cmTryCompileExec340364753
/usr/bin/cmake -E cmake_link_script CMakeFiles/cmTryCompileExec340364753.dir/link.txt --verbose=1
/usr/bin/cc       CMakeFiles/cmTryCompileExec340364753.dir/CheckSymbolExists.c.o  -o cmTryCompileExec340364753 -rdynamic 
CMakeFiles/cmTryCompileExec340364753.dir/CheckSymbolExists.c.o: In function `main':
CheckSymbolExists.c:(.text+0x16): undefined reference to `pthread_create'
collect2: error: ld returned 1 exit status
make[1]: Leaving directory `/home/robot5/turtlebot_bumpers/build/CMakeFiles/CMakeTmp'
make[1]: *** [cmTryCompileExec340364753] Error 1
make: *** [cmTryCompileExec340364753/fast] Error 2

File /home/robot5/turtlebot_bumpers/build/CMakeFiles/CMakeTmp/CheckSymbolExists.c:
/* */
#include <pthread.h>

int main(int argc, char** argv)
{
  (void)argv;
#ifndef pthread_create
  return ((int*)(&pthread_create))[argc];
#else
  (void)argc;
  return 0;
#endif
}

Determining if the function pthread_create exists in the pthreads failed with the following output:
Change Dir: /home/robot5/turtlebot_bumpers/build/CMakeFiles/CMakeTmp

Run Build Command:/usr/bin/make "cmTryCompileExec1494385710/fast"
/usr/bin/make -f CMakeFiles/cmTryCompileExec1494385710.dir/build.make CMakeFiles/cmTryCompileExec1494385710.dir/build
make[1]: Entering directory `/home/robot5/turtlebot_bumpers/build/CMakeFiles/CMakeTmp'
/usr/bin/cmake -E cmake_progress_report /home/robot5/turtlebot_bumpers/build/CMakeFiles/CMakeTmp/CMakeFiles 1
Building C object CMakeFiles/cmTryCompileExec1494385710.dir/CheckFunctionExists.c.o
/usr/bin/cc   -DCHECK_FUNCTION_EXISTS=pthread_create   -o CMakeFiles/cmTryCompileExec1494385710.dir/CheckFunctionExists.c.o   -c /usr/share/cmake-2.8/Modules/CheckFunctionExists.c
Linking C executable cmTryCompileExec1494385710
/usr/bin/cmake -E cmake_link_script CMakeFiles/cmTryCompileExec1494385710.dir/link.txt --verbose=1
/usr/bin/cc   -DCHECK_FUNCTION_EXISTS=pthread_create    CMakeFiles/cmTryCompileExec1494385710.dir/CheckFunctionExists.c.o  -o cmTryCompileExec1494385710 -rdynamic -lpthreads 
/usr/bin/ld: cannot find -lpthreads
collect2: error: ld returned 1 exit status
make[1]: *** [cmTryCompileExec1494385710] Error 1
make[1]: Leaving directory `/home/robot5/turtlebot_bumpers/build/CMakeFiles/CMakeTmp'
make: *** [cmTryCompileExec1494385710/fast] Error 2


